<?xml version="1.0" encoding="UTF-8"?>
<!-- Generated by org.testng.reporters.JUnitReportReporter -->
<testsuite hostname="DESKTOP-BPNON4T" failures="0" tests="1" name="com.exceldatadriver.test.FreeCrmTestWithDataProvider" time="15.663" errors="0" timestamp="16 Jul 2020 17:41:44 GMT" skipped="0">
  <testcase classname="com.exceldatadriver.test.FreeCrmTestWithDataProvider" name="crmLogin" time="15.663"/>
</testsuite> <!-- com.exceldatadriver.test.FreeCrmTestWithDataProvider -->
