<?xml version="1.0" encoding="UTF-8"?>
<!-- Generated by org.testng.reporters.JUnitReportReporter -->
<testsuite hostname="DESKTOP-BPNON4T" failures="0" tests="5" name="com.exceldatadriver.test.RediffmailTestWithDataProviderAnnotation" time="38.298" errors="0" timestamp="14 Jul 2020 16:55:17 GMT" skipped="0">
  <testcase classname="com.exceldatadriver.test.RediffmailTestWithDataProviderAnnotation" name="rediffMailRegPage" time="7.909"/>
  <testcase classname="com.exceldatadriver.test.RediffmailTestWithDataProviderAnnotation" name="rediffMailRegPage" time="7.139"/>
  <testcase classname="com.exceldatadriver.test.RediffmailTestWithDataProviderAnnotation" name="rediffMailRegPage" time="8.224"/>
  <testcase classname="com.exceldatadriver.test.RediffmailTestWithDataProviderAnnotation" name="rediffMailRegPage" time="7.327"/>
  <testcase classname="com.exceldatadriver.test.RediffmailTestWithDataProviderAnnotation" name="rediffMailRegPage" time="7.699"/>
</testsuite> <!-- com.exceldatadriver.test.RediffmailTestWithDataProviderAnnotation -->
