<?xml version="1.0" encoding="UTF-8"?>
<!-- Generated by org.testng.reporters.JUnitReportReporter -->
<testsuite hostname="DESKTOP-BPNON4T" failures="0" tests="8" name="TestNg.GoogleTest" time="101.071" errors="0" timestamp="29 Jun 2020 17:29:15 GMT" skipped="0">
  <testcase classname="TestNg.GoogleTest" name="getTitle" time="8.471"/>
  <testcase classname="TestNg.GoogleTest" name="selectTicket" time="16.555"/>
  <testcase classname="TestNg.GoogleTest" name="selectDeparturedate" time="15.186"/>
  <testcase classname="TestNg.GoogleTest" name="selectArrivalDate" time="17.086"/>
  <testcase classname="TestNg.GoogleTest" name="mouseMovement" time="11.384"/>
  <testcase classname="TestNg.GoogleTest" name="selectAirline" time="10.597"/>
  <testcase classname="TestNg.GoogleTest" name="selectCabinClass" time="11.097"/>
  <testcase classname="TestNg.GoogleTest" name="clickOnSearch" time="10.695"/>
</testsuite> <!-- TestNg.GoogleTest -->
