<?xml version="1.0" encoding="UTF-8"?>
<!-- Generated by org.testng.reporters.JUnitReportReporter -->
<testsuite hostname="DESKTOP-BPNON4T" failures="0" tests="1" name="com.exceldatadriver.test.ParameterTestUsingXMLFile" time="15.882" errors="0" timestamp="14 Jul 2020 13:20:13 GMT" skipped="0">
  <testcase classname="com.exceldatadriver.test.ParameterTestUsingXMLFile" name="crmLoginTest" time="15.882"/>
</testsuite> <!-- com.exceldatadriver.test.ParameterTestUsingXMLFile -->
