<?xml version="1.0" encoding="UTF-8"?>
<!-- Generated by org.testng.reporters.JUnitReportReporter -->
<testsuite hostname="DESKTOP-BPNON4T" failures="0" tests="3" name="com.testNg.FBTestVerbose" time="24.119" errors="0" timestamp="16 Jul 2020 19:24:39 GMT" skipped="0">
  <testcase classname="com.testNg.FBTestVerbose" name="FBTitleTest" time="8.523"/>
  <testcase classname="com.testNg.FBTestVerbose" name="FBTitleTest1" time="7.847"/>
  <testcase classname="com.testNg.FBTestVerbose" name="FBTitleTest2" time="7.749"/>
</testsuite> <!-- com.testNg.FBTestVerbose -->
