<?xml version="1.0" encoding="UTF-8"?>
<!-- Generated by org.testng.reporters.JUnitReportReporter -->
<testsuite skipped="0" hostname="DESKTOP-BPNON4T" name="TestNg.NewTest" tests="1" failures="0" timestamp="26 Jun 2020 13:11:42 GMT" time="12.409" errors="0">
  <testcase name="OpenBrowser" time="12.409" classname="TestNg.NewTest"/>
</testsuite> <!-- TestNg.NewTest -->
