<?xml version="1.0" encoding="UTF-8"?>
<!-- Generated by org.testng.reporters.JUnitReportReporter -->
<testsuite hostname="DESKTOP-BPNON4T" failures="0" tests="1" name="com.testNg.TestCasesAssertion" time="0.013" errors="0" timestamp="16 Jul 2020 13:15:28 GMT" skipped="0">
  <testcase classname="com.testNg.TestCasesAssertion" name="testMethod" time="0.013"/>
</testsuite> <!-- com.testNg.TestCasesAssertion -->
