<?xml version="1.0" encoding="UTF-8"?>
<!-- Generated by org.testng.reporters.JUnitReportReporter -->
<testsuite hostname="DESKTOP-BPNON4T" failures="0" tests="1" name="com.testNg.ParameterTest" time="14.577" errors="0" timestamp="10 Jul 2020 16:03:01 GMT" skipped="0">
  <testcase classname="com.testNg.ParameterTest" name="crmLoginTest" time="14.577"/>
</testsuite> <!-- com.testNg.ParameterTest -->
