<?xml version="1.0" encoding="UTF-8"?>
<!-- Generated by org.testng.reporters.JUnitReportReporter -->
<testsuite hostname="DESKTOP-BPNON4T" failures="0" tests="3" name="TestNg.TestNgBasics" time="0.000" errors="0" timestamp="29 Jun 2020 18:28:27 GMT" skipped="0">
  <testcase classname="TestNg.TestNgBasics" name="googleTitle" time="0.000"/>
  <testcase classname="TestNg.TestNgBasics" name="googleTestLogo" time="0.000"/>
  <testcase classname="TestNg.TestNgBasics" name="searchTest" time="0.000"/>
</testsuite> <!-- TestNg.TestNgBasics -->
