<?xml version="1.0" encoding="UTF-8"?>
<!-- Generated by org.testng.reporters.JUnitReportReporter -->
<testsuite hostname="DESKTOP-BPNON4T" failures="0" tests="8" name="com.testNg.SouthallTravelTest" time="94.998" errors="0" timestamp="15 Jul 2020 18:30:42 GMT" skipped="0">
  <testcase classname="com.testNg.SouthallTravelTest" name="getTitle" time="10.210"/>
  <testcase classname="com.testNg.SouthallTravelTest" name="selectTicket" time="14.147"/>
  <testcase classname="com.testNg.SouthallTravelTest" name="selectDeparturedate" time="10.633"/>
  <testcase classname="com.testNg.SouthallTravelTest" name="selectArrivalDate" time="10.447"/>
  <testcase classname="com.testNg.SouthallTravelTest" name="mouseMovement" time="12.686"/>
  <testcase classname="com.testNg.SouthallTravelTest" name="selectAirline" time="12.415"/>
  <testcase classname="com.testNg.SouthallTravelTest" name="selectCabinClass" time="12.138"/>
  <testcase classname="com.testNg.SouthallTravelTest" name="clickOnSearch" time="12.322"/>
</testsuite> <!-- com.testNg.SouthallTravelTest -->
